Retrieving project…
Deploying simons-projects-7ec78859/echecs-match
Uploading [--------------------] (0.0B/348.1KB)
Uploading [=====---------------] (96.0KB/348.1KB)
Uploading [==========----------] (176.0KB/348.1KB)
Uploading [===============-----] (272.0KB/348.1KB)
Uploading [====================] (348.1KB/348.1KB)
Inspect: https://vercel.com/simons-projects-7ec78859/echecs-match/4hdYwdfqqnXvq8FS3iZUaEsqY3Ev [3s]
Production: https://echecs-match-njy3o6yl7-simons-projects-7ec78859.vercel.app [3s]
https://echecs-match-njy3o6yl7-simons-projects-7ec78859.vercel.appBuilding...
Building...
Building: Running build in Washington, D.C., USA (East) – iad1
Building: Build machine configuration: 2 cores, 8 GB
Building: Retrieving list of deployment files...
Building: Downloading 66 deployment files...
Building: Restored build cache from previous deployment (5yXoGLSWDFpJDgsPrTM9Tduu4CxW)
Building: Running "vercel build"
Building: Vercel CLI 50.23.2
Building: Installing dependencies...
Building: up to date in 1s
Building: 256 packages are looking for funding
Building: run `npm fund` for details
Building: Detected Next.js version: 16.1.6
Building: Running "npm run build"
Building: > echecs-match@0.1.0 build
Building: > next build
Building: ▲ Next.js 16.1.6 (Turbopack)
Building: Creating an optimized production build ...
Building: ✓ Compiled successfully in 13.0s
Building: Running TypeScript ...
Building: Collecting page data using 1 worker ...
Building: Generating static pages using 1 worker (0/5) ...
Building: Generating static pages using 1 worker (1/5)
Building: Generating static pages using 1 worker (2/5)
Building: Generating static pages using 1 worker (3/5)
Building: ✓ Generating static pages using 1 worker (5/5) in 174.6ms
Building: Finalizing page optimization ...
Building: Route (app)
Building: ┌ ○ /
Building: ├ ○ /_not-found
Building: ├ ƒ /api/tournaments
Building: └ ƒ /tournaments/[id]
Building: ○  (Static)   prerendered as static content
Building: ƒ  (Dynamic)  server-rendered on demand
Building: Traced Next.js server files in: 36.979ms
Building: Created all serverless functions in: 129.204ms
Building: Collected static files (public/, static/, .next/static): 3.56ms
Building: Build Completed in /vercel/output [23s]
Building: Deploying outputs...
Building: Deployment completed
Building: Creating build cache...
[2K[1A[2K[GProduction: https://echecs-match-njy3o6yl7-simons-projects-7ec78859.vercel.app [42s]
Completing...
Aliased: https://echecs-match.vercel.app [42s]
